2025-11-18 13:27:02 | INFO     | polymer_chi_ml | ================================================================================
2025-11-18 13:27:02 | INFO     | polymer_chi_ml | Stage 1: DFT Chi Pretraining
2025-11-18 13:27:02 | INFO     | polymer_chi_ml | ================================================================================
2025-11-18 13:27:02 | INFO     | polymer_chi_ml | Run directory: results/dft_pretrain_20251118_132702
2025-11-18 13:27:02 | INFO     | polymer_chi_ml | Device: cuda
2025-11-18 13:27:02 | INFO     | polymer_chi_ml | Random seed: 42
2025-11-18 13:27:02 | INFO     | polymer_chi_ml | Saved configuration to results/dft_pretrain_20251118_132702/config.yaml
2025-11-18 13:27:02 | INFO     | polymer_chi_ml | ================================================================================
2025-11-18 13:27:02 | INFO     | polymer_chi_ml | Loading and preparing DFT chi data
2025-11-18 13:27:02 | INFO     | polymer_chi_ml | ================================================================================
2025-11-18 13:27:02 | INFO     | polymer_chi_ml | Loading DFT data from: Data/OMG_DFT_COSMOC_chi.csv
2025-11-18 13:27:03 | INFO     | polymer_chi_ml | Loaded 47676 DFT measurements
2025-11-18 13:27:03 | INFO     | polymer_chi_ml | Found 47676 unique polymers
2025-11-18 13:27:03 | INFO     | polymer_chi_ml | Featurizing polymers...
2025-11-18 13:27:03 | INFO     | polymer_chi_ml.featurization | PolymerFeaturizer initialized: Morgan(radius=2, nBits=2048), 13 descriptors
2025-11-18 13:27:03 | INFO     | polymer_chi_ml.featurization | Loading features from cache: data/processed/features_a8c8b8969d3cf9de_26574c84829ccc65.pkl
2025-11-18 13:27:03 | INFO     | polymer_chi_ml.featurization | Loaded 47676 cached features, dim=2061
2025-11-18 13:27:03 | INFO     | polymer_chi_ml | Feature dimension: 2061
2025-11-18 13:27:03 | INFO     | polymer_chi_ml | Creating train/val/test splits...
2025-11-18 13:27:03 | INFO     | polymer_chi_ml.splits | DFT splits created: train=38140, val=4768, test=4768
2025-11-18 13:27:03 | INFO     | polymer_chi_ml.datasets | DFTChiDataset initialized with 38140 samples
2025-11-18 13:27:03 | INFO     | polymer_chi_ml.datasets | DFTChiDataset initialized with 4768 samples
2025-11-18 13:27:03 | INFO     | polymer_chi_ml.datasets | DFTChiDataset initialized with 4768 samples
2025-11-18 13:27:03 | INFO     | polymer_chi_ml | Train batches: 149, Val batches: 19, Test batches: 19
2025-11-18 13:27:03 | INFO     | polymer_chi_ml | ================================================================================
2025-11-18 13:27:03 | INFO     | polymer_chi_ml | Building model
2025-11-18 13:27:03 | INFO     | polymer_chi_ml | ================================================================================
2025-11-18 13:27:03 | INFO     | polymer_chi_ml.encoder | Encoder initialized: 2061 -> [512, 256] -> 128, 1,221,504 parameters
2025-11-18 13:27:03 | DEBUG    | polymer_chi_ml.multitask | ChiHead initialized: 128 -> 64 -> 2
2025-11-18 13:27:03 | DEBUG    | polymer_chi_ml.multitask | SolubilityHead initialized: 129 -> 64 -> 1
2025-11-18 13:27:03 | INFO     | polymer_chi_ml.multitask | MultiTaskChiSolubilityModel initialized with 1,238,275 parameters
2025-11-18 13:27:04 | INFO     | polymer_chi_ml | Model has 1,238,275 trainable parameters
2025-11-18 13:27:05 | INFO     | polymer_chi_ml | Optimizer: adamw, lr=0.001, weight_decay=0.0001
2025-11-18 13:27:05 | INFO     | polymer_chi_ml | Scheduler: reduce_on_plateau
2025-11-18 13:27:05 | INFO     | polymer_chi_ml | ================================================================================
2025-11-18 13:27:05 | INFO     | polymer_chi_ml | Starting training
2025-11-18 13:27:05 | INFO     | polymer_chi_ml | ================================================================================
2025-11-18 13:27:05 | INFO     | polymer_chi_ml | 
Epoch 1/200
2025-11-18 13:27:05 | INFO     | polymer_chi_ml | --------------------------------------------------------------------------------
2025-11-18 13:27:09 | INFO     | polymer_chi_ml | Train - Loss: 0.0906, MAE: 0.1908, RMSE: 0.3010, R²: -0.8509
2025-11-18 13:27:10 | INFO     | polymer_chi_ml | Val   - Loss: 0.0225, MAE: 0.1270, RMSE: 0.1499, R²: 0.5413
2025-11-18 13:27:10 | INFO     | polymer_chi_ml | Saved best model to results/dft_pretrain_20251118_132702/checkpoints/best_model.pt
2025-11-18 13:27:11 | INFO     | polymer_chi_ml | 
Epoch 2/200
2025-11-18 13:27:11 | INFO     | polymer_chi_ml | --------------------------------------------------------------------------------
2025-11-18 13:27:15 | INFO     | polymer_chi_ml | Train - Loss: 0.0218, MAE: 0.1139, RMSE: 0.1478, R²: 0.5540
2025-11-18 13:27:16 | INFO     | polymer_chi_ml | Val   - Loss: 0.0155, MAE: 0.1030, RMSE: 0.1240, R²: 0.6861
2025-11-18 13:27:16 | INFO     | polymer_chi_ml | Saved best model to results/dft_pretrain_20251118_132702/checkpoints/best_model.pt
2025-11-18 13:27:17 | INFO     | polymer_chi_ml | 
Epoch 3/200
2025-11-18 13:27:17 | INFO     | polymer_chi_ml | --------------------------------------------------------------------------------
2025-11-18 13:27:20 | INFO     | polymer_chi_ml | Train - Loss: 0.0188, MAE: 0.1063, RMSE: 0.1370, R²: 0.6167
2025-11-18 13:27:21 | INFO     | polymer_chi_ml | Val   - Loss: 0.0565, MAE: 0.1971, RMSE: 0.2375, R²: -0.1519
2025-11-18 13:27:21 | INFO     | polymer_chi_ml | 
Epoch 4/200
2025-11-18 13:27:21 | INFO     | polymer_chi_ml | --------------------------------------------------------------------------------
2025-11-18 13:27:25 | INFO     | polymer_chi_ml | Train - Loss: 0.0163, MAE: 0.0986, RMSE: 0.1276, R²: 0.6674
2025-11-18 13:27:26 | INFO     | polymer_chi_ml | Val   - Loss: 0.0183, MAE: 0.1091, RMSE: 0.1352, R²: 0.6268
2025-11-18 13:27:26 | INFO     | polymer_chi_ml | 
Epoch 5/200
2025-11-18 13:27:26 | INFO     | polymer_chi_ml | --------------------------------------------------------------------------------
2025-11-18 13:27:29 | INFO     | polymer_chi_ml | Train - Loss: 0.0149, MAE: 0.0944, RMSE: 0.1222, R²: 0.6950
2025-11-18 13:27:30 | INFO     | polymer_chi_ml | Val   - Loss: 0.0154, MAE: 0.1008, RMSE: 0.1240, R²: 0.6860
2025-11-18 13:27:30 | INFO     | polymer_chi_ml | Saved best model to results/dft_pretrain_20251118_132702/checkpoints/best_model.pt
2025-11-18 13:27:31 | INFO     | polymer_chi_ml | 
Epoch 6/200
2025-11-18 13:27:31 | INFO     | polymer_chi_ml | --------------------------------------------------------------------------------
2025-11-18 13:27:35 | INFO     | polymer_chi_ml | Train - Loss: 0.0136, MAE: 0.0900, RMSE: 0.1168, R²: 0.7213
2025-11-18 13:27:36 | INFO     | polymer_chi_ml | Val   - Loss: 0.0122, MAE: 0.0911, RMSE: 0.1101, R²: 0.7525
2025-11-18 13:27:36 | INFO     | polymer_chi_ml | Saved best model to results/dft_pretrain_20251118_132702/checkpoints/best_model.pt
2025-11-18 13:27:37 | INFO     | polymer_chi_ml | 
Epoch 7/200
2025-11-18 13:27:37 | INFO     | polymer_chi_ml | --------------------------------------------------------------------------------
2025-11-18 13:27:40 | INFO     | polymer_chi_ml | Train - Loss: 0.0129, MAE: 0.0875, RMSE: 0.1137, R²: 0.7358
2025-11-18 13:27:41 | INFO     | polymer_chi_ml | Val   - Loss: 0.0055, MAE: 0.0545, RMSE: 0.0739, R²: 0.8884
2025-11-18 13:27:41 | INFO     | polymer_chi_ml | Saved best model to results/dft_pretrain_20251118_132702/checkpoints/best_model.pt
2025-11-18 13:27:42 | INFO     | polymer_chi_ml | 
Epoch 8/200
2025-11-18 13:27:42 | INFO     | polymer_chi_ml | --------------------------------------------------------------------------------
2025-11-18 13:27:46 | INFO     | polymer_chi_ml | Train - Loss: 0.0123, MAE: 0.0850, RMSE: 0.1107, R²: 0.7496
2025-11-18 13:27:47 | INFO     | polymer_chi_ml | Val   - Loss: 0.0096, MAE: 0.0807, RMSE: 0.0978, R²: 0.8045
2025-11-18 13:27:47 | INFO     | polymer_chi_ml | 
Epoch 9/200
2025-11-18 13:27:47 | INFO     | polymer_chi_ml | --------------------------------------------------------------------------------
2025-11-18 13:27:50 | INFO     | polymer_chi_ml | Train - Loss: 0.0107, MAE: 0.0793, RMSE: 0.1032, R²: 0.7824
2025-11-18 13:27:51 | INFO     | polymer_chi_ml | Val   - Loss: 0.0152, MAE: 0.1057, RMSE: 0.1229, R²: 0.6917
2025-11-18 13:27:51 | INFO     | polymer_chi_ml | 
Epoch 10/200
2025-11-18 13:27:51 | INFO     | polymer_chi_ml | --------------------------------------------------------------------------------
2025-11-18 13:27:55 | INFO     | polymer_chi_ml | Train - Loss: 0.0108, MAE: 0.0794, RMSE: 0.1038, R²: 0.7801
2025-11-18 13:27:56 | INFO     | polymer_chi_ml | Val   - Loss: 0.0163, MAE: 0.1101, RMSE: 0.1275, R²: 0.6677
2025-11-18 13:27:56 | INFO     | polymer_chi_ml | 
Epoch 11/200
2025-11-18 13:27:56 | INFO     | polymer_chi_ml | --------------------------------------------------------------------------------
2025-11-18 13:28:00 | INFO     | polymer_chi_ml | Train - Loss: 0.0102, MAE: 0.0774, RMSE: 0.1010, R²: 0.7916
2025-11-18 13:28:01 | INFO     | polymer_chi_ml | Val   - Loss: 0.0058, MAE: 0.0585, RMSE: 0.0760, R²: 0.8819
2025-11-18 13:28:01 | INFO     | polymer_chi_ml | 
Epoch 12/200
2025-11-18 13:28:01 | INFO     | polymer_chi_ml | --------------------------------------------------------------------------------
2025-11-18 13:28:04 | INFO     | polymer_chi_ml | Train - Loss: 0.0095, MAE: 0.0745, RMSE: 0.0972, R²: 0.8069
2025-11-18 13:28:05 | INFO     | polymer_chi_ml | Val   - Loss: 0.0058, MAE: 0.0584, RMSE: 0.0756, R²: 0.8834
2025-11-18 13:28:05 | INFO     | polymer_chi_ml | 
Epoch 13/200
2025-11-18 13:28:05 | INFO     | polymer_chi_ml | --------------------------------------------------------------------------------
2025-11-18 13:28:09 | INFO     | polymer_chi_ml | Train - Loss: 0.0090, MAE: 0.0725, RMSE: 0.0949, R²: 0.8159
2025-11-18 13:28:10 | INFO     | polymer_chi_ml | Val   - Loss: 0.0044, MAE: 0.0473, RMSE: 0.0662, R²: 0.9105
2025-11-18 13:28:10 | INFO     | polymer_chi_ml | Saved best model to results/dft_pretrain_20251118_132702/checkpoints/best_model.pt
2025-11-18 13:28:11 | INFO     | polymer_chi_ml | 
Epoch 14/200
2025-11-18 13:28:11 | INFO     | polymer_chi_ml | --------------------------------------------------------------------------------
2025-11-18 13:28:15 | INFO     | polymer_chi_ml | Train - Loss: 0.0087, MAE: 0.0713, RMSE: 0.0935, R²: 0.8215
2025-11-18 13:28:16 | INFO     | polymer_chi_ml | Val   - Loss: 0.0058, MAE: 0.0593, RMSE: 0.0758, R²: 0.8826
2025-11-18 13:28:16 | INFO     | polymer_chi_ml | 
Epoch 15/200
2025-11-18 13:28:16 | INFO     | polymer_chi_ml | --------------------------------------------------------------------------------
2025-11-18 13:28:20 | INFO     | polymer_chi_ml | Train - Loss: 0.0081, MAE: 0.0686, RMSE: 0.0898, R²: 0.8352
2025-11-18 13:28:21 | INFO     | polymer_chi_ml | Val   - Loss: 0.0074, MAE: 0.0680, RMSE: 0.0858, R²: 0.8498
2025-11-18 13:28:21 | INFO     | polymer_chi_ml | 
Epoch 16/200
2025-11-18 13:28:21 | INFO     | polymer_chi_ml | --------------------------------------------------------------------------------
2025-11-18 13:28:24 | INFO     | polymer_chi_ml | Train - Loss: 0.0081, MAE: 0.0684, RMSE: 0.0902, R²: 0.8339
2025-11-18 13:28:25 | INFO     | polymer_chi_ml | Val   - Loss: 0.0042, MAE: 0.0462, RMSE: 0.0647, R²: 0.9144
2025-11-18 13:28:25 | INFO     | polymer_chi_ml | Saved best model to results/dft_pretrain_20251118_132702/checkpoints/best_model.pt
2025-11-18 13:28:26 | INFO     | polymer_chi_ml | 
Epoch 17/200
2025-11-18 13:28:26 | INFO     | polymer_chi_ml | --------------------------------------------------------------------------------
2025-11-18 13:28:30 | INFO     | polymer_chi_ml | Train - Loss: 0.0075, MAE: 0.0657, RMSE: 0.0866, R²: 0.8469
2025-11-18 13:28:31 | INFO     | polymer_chi_ml | Val   - Loss: 0.0048, MAE: 0.0501, RMSE: 0.0693, R²: 0.9018
2025-11-18 13:28:31 | INFO     | polymer_chi_ml | 
Epoch 18/200
2025-11-18 13:28:31 | INFO     | polymer_chi_ml | --------------------------------------------------------------------------------
2025-11-18 13:28:35 | INFO     | polymer_chi_ml | Train - Loss: 0.0075, MAE: 0.0654, RMSE: 0.0866, R²: 0.8469
2025-11-18 13:28:36 | INFO     | polymer_chi_ml | Val   - Loss: 0.0094, MAE: 0.0800, RMSE: 0.0968, R²: 0.8087
2025-11-18 13:28:36 | INFO     | polymer_chi_ml | 
Epoch 19/200
2025-11-18 13:28:36 | INFO     | polymer_chi_ml | --------------------------------------------------------------------------------
2025-11-18 13:28:39 | INFO     | polymer_chi_ml | Train - Loss: 0.0070, MAE: 0.0636, RMSE: 0.0838, R²: 0.8566
2025-11-18 13:28:40 | INFO     | polymer_chi_ml | Val   - Loss: 0.0071, MAE: 0.0661, RMSE: 0.0841, R²: 0.8556
2025-11-18 13:28:40 | INFO     | polymer_chi_ml | 
Epoch 20/200
2025-11-18 13:28:40 | INFO     | polymer_chi_ml | --------------------------------------------------------------------------------
2025-11-18 13:28:44 | INFO     | polymer_chi_ml | Train - Loss: 0.0069, MAE: 0.0631, RMSE: 0.0829, R²: 0.8595
2025-11-18 13:28:45 | INFO     | polymer_chi_ml | Val   - Loss: 0.0081, MAE: 0.0739, RMSE: 0.0901, R²: 0.8343
2025-11-18 13:28:45 | INFO     | polymer_chi_ml | 
Epoch 21/200
2025-11-18 13:28:45 | INFO     | polymer_chi_ml | --------------------------------------------------------------------------------
2025-11-18 13:28:49 | INFO     | polymer_chi_ml | Train - Loss: 0.0065, MAE: 0.0615, RMSE: 0.0809, R²: 0.8663
2025-11-18 13:28:50 | INFO     | polymer_chi_ml | Val   - Loss: 0.0058, MAE: 0.0588, RMSE: 0.0759, R²: 0.8823
2025-11-18 13:28:50 | INFO     | polymer_chi_ml | 
Epoch 22/200
2025-11-18 13:28:50 | INFO     | polymer_chi_ml | --------------------------------------------------------------------------------
2025-11-18 13:28:53 | INFO     | polymer_chi_ml | Train - Loss: 0.0062, MAE: 0.0598, RMSE: 0.0790, R²: 0.8725
2025-11-18 13:28:54 | INFO     | polymer_chi_ml | Val   - Loss: 0.0056, MAE: 0.0580, RMSE: 0.0744, R²: 0.8870
2025-11-18 13:28:54 | INFO     | polymer_chi_ml | 
Epoch 23/200
2025-11-18 13:28:54 | INFO     | polymer_chi_ml | --------------------------------------------------------------------------------
2025-11-18 13:28:58 | INFO     | polymer_chi_ml | Train - Loss: 0.0063, MAE: 0.0597, RMSE: 0.0794, R²: 0.8712
2025-11-18 13:28:59 | INFO     | polymer_chi_ml | Val   - Loss: 0.0054, MAE: 0.0563, RMSE: 0.0732, R²: 0.8906
2025-11-18 13:28:59 | INFO     | polymer_chi_ml | 
Epoch 24/200
2025-11-18 13:28:59 | INFO     | polymer_chi_ml | --------------------------------------------------------------------------------
2025-11-18 13:29:03 | INFO     | polymer_chi_ml | Train - Loss: 0.0059, MAE: 0.0583, RMSE: 0.0770, R²: 0.8788
2025-11-18 13:29:04 | INFO     | polymer_chi_ml | Val   - Loss: 0.0052, MAE: 0.0548, RMSE: 0.0721, R²: 0.8939
2025-11-18 13:29:04 | INFO     | polymer_chi_ml | 
Epoch 25/200
2025-11-18 13:29:04 | INFO     | polymer_chi_ml | --------------------------------------------------------------------------------
2025-11-18 13:29:08 | INFO     | polymer_chi_ml | Train - Loss: 0.0057, MAE: 0.0567, RMSE: 0.0754, R²: 0.8840
2025-11-18 13:29:09 | INFO     | polymer_chi_ml | Val   - Loss: 0.0045, MAE: 0.0492, RMSE: 0.0671, R²: 0.9080
2025-11-18 13:29:09 | INFO     | polymer_chi_ml | 
Epoch 26/200
2025-11-18 13:29:09 | INFO     | polymer_chi_ml | --------------------------------------------------------------------------------
2025-11-18 13:29:12 | INFO     | polymer_chi_ml | Train - Loss: 0.0057, MAE: 0.0570, RMSE: 0.0756, R²: 0.8833
2025-11-18 13:29:13 | INFO     | polymer_chi_ml | Val   - Loss: 0.0060, MAE: 0.0611, RMSE: 0.0775, R²: 0.8774
2025-11-18 13:29:13 | INFO     | polymer_chi_ml | 
Epoch 27/200
2025-11-18 13:29:13 | INFO     | polymer_chi_ml | --------------------------------------------------------------------------------
2025-11-18 13:29:17 | INFO     | polymer_chi_ml | Train - Loss: 0.0056, MAE: 0.0561, RMSE: 0.0746, R²: 0.8865
2025-11-18 13:29:18 | INFO     | polymer_chi_ml | Val   - Loss: 0.0041, MAE: 0.0466, RMSE: 0.0643, R²: 0.9156
2025-11-18 13:29:18 | INFO     | polymer_chi_ml | Saved best model to results/dft_pretrain_20251118_132702/checkpoints/best_model.pt
2025-11-18 13:29:19 | INFO     | polymer_chi_ml | 
Epoch 28/200
2025-11-18 13:29:19 | INFO     | polymer_chi_ml | --------------------------------------------------------------------------------
2025-11-18 13:29:22 | INFO     | polymer_chi_ml | Train - Loss: 0.0053, MAE: 0.0547, RMSE: 0.0730, R²: 0.8913
2025-11-18 13:29:23 | INFO     | polymer_chi_ml | Val   - Loss: 0.0052, MAE: 0.0550, RMSE: 0.0719, R²: 0.8945
2025-11-18 13:29:23 | INFO     | polymer_chi_ml | 
Epoch 29/200
2025-11-18 13:29:23 | INFO     | polymer_chi_ml | --------------------------------------------------------------------------------
2025-11-18 13:29:27 | INFO     | polymer_chi_ml | Train - Loss: 0.0050, MAE: 0.0530, RMSE: 0.0709, R²: 0.8974
2025-11-18 13:29:28 | INFO     | polymer_chi_ml | Val   - Loss: 0.0077, MAE: 0.0724, RMSE: 0.0876, R²: 0.8434
2025-11-18 13:29:28 | INFO     | polymer_chi_ml | 
Epoch 30/200
2025-11-18 13:29:28 | INFO     | polymer_chi_ml | --------------------------------------------------------------------------------
2025-11-18 13:29:32 | INFO     | polymer_chi_ml | Train - Loss: 0.0051, MAE: 0.0532, RMSE: 0.0711, R²: 0.8967
2025-11-18 13:29:33 | INFO     | polymer_chi_ml | Val   - Loss: 0.0042, MAE: 0.0465, RMSE: 0.0645, R²: 0.9151
2025-11-18 13:29:33 | INFO     | polymer_chi_ml | 
Epoch 31/200
2025-11-18 13:29:33 | INFO     | polymer_chi_ml | --------------------------------------------------------------------------------
2025-11-18 13:29:36 | INFO     | polymer_chi_ml | Train - Loss: 0.0049, MAE: 0.0522, RMSE: 0.0698, R²: 0.9004
2025-11-18 13:29:37 | INFO     | polymer_chi_ml | Val   - Loss: 0.0044, MAE: 0.0471, RMSE: 0.0659, R²: 0.9112
2025-11-18 13:29:37 | INFO     | polymer_chi_ml | 
Epoch 32/200
2025-11-18 13:29:37 | INFO     | polymer_chi_ml | --------------------------------------------------------------------------------
2025-11-18 13:29:41 | INFO     | polymer_chi_ml | Train - Loss: 0.0049, MAE: 0.0521, RMSE: 0.0700, R²: 0.8998
2025-11-18 13:29:42 | INFO     | polymer_chi_ml | Val   - Loss: 0.0102, MAE: 0.0854, RMSE: 0.1006, R²: 0.7933
2025-11-18 13:29:42 | INFO     | polymer_chi_ml | 
Epoch 33/200
2025-11-18 13:29:42 | INFO     | polymer_chi_ml | --------------------------------------------------------------------------------
2025-11-18 13:29:46 | INFO     | polymer_chi_ml | Train - Loss: 0.0048, MAE: 0.0513, RMSE: 0.0690, R²: 0.9028
2025-11-18 13:29:47 | INFO     | polymer_chi_ml | Val   - Loss: 0.0040, MAE: 0.0442, RMSE: 0.0633, R²: 0.9181
2025-11-18 13:29:47 | INFO     | polymer_chi_ml | Saved best model to results/dft_pretrain_20251118_132702/checkpoints/best_model.pt
2025-11-18 13:29:48 | INFO     | polymer_chi_ml | 
Epoch 34/200
2025-11-18 13:29:48 | INFO     | polymer_chi_ml | --------------------------------------------------------------------------------
2025-11-18 13:29:52 | INFO     | polymer_chi_ml | Train - Loss: 0.0046, MAE: 0.0499, RMSE: 0.0678, R²: 0.9060
2025-11-18 13:29:52 | INFO     | polymer_chi_ml | Val   - Loss: 0.0059, MAE: 0.0605, RMSE: 0.0767, R²: 0.8799
2025-11-18 13:29:52 | INFO     | polymer_chi_ml | 
Epoch 35/200
2025-11-18 13:29:52 | INFO     | polymer_chi_ml | --------------------------------------------------------------------------------
2025-11-18 13:29:56 | INFO     | polymer_chi_ml | Train - Loss: 0.0043, MAE: 0.0490, RMSE: 0.0656, R²: 0.9120
2025-11-18 13:29:57 | INFO     | polymer_chi_ml | Val   - Loss: 0.0040, MAE: 0.0463, RMSE: 0.0635, R²: 0.9177
2025-11-18 13:29:57 | INFO     | polymer_chi_ml | 
Epoch 36/200
2025-11-18 13:29:57 | INFO     | polymer_chi_ml | --------------------------------------------------------------------------------
2025-11-18 13:30:01 | INFO     | polymer_chi_ml | Train - Loss: 0.0044, MAE: 0.0489, RMSE: 0.0660, R²: 0.9111
2025-11-18 13:30:02 | INFO     | polymer_chi_ml | Val   - Loss: 0.0038, MAE: 0.0430, RMSE: 0.0615, R²: 0.9227
2025-11-18 13:30:02 | INFO     | polymer_chi_ml | Saved best model to results/dft_pretrain_20251118_132702/checkpoints/best_model.pt
2025-11-18 13:30:03 | INFO     | polymer_chi_ml | 
Epoch 37/200
2025-11-18 13:30:03 | INFO     | polymer_chi_ml | --------------------------------------------------------------------------------
2025-11-18 13:30:07 | INFO     | polymer_chi_ml | Train - Loss: 0.0041, MAE: 0.0475, RMSE: 0.0642, R²: 0.9158
2025-11-18 13:30:08 | INFO     | polymer_chi_ml | Val   - Loss: 0.0072, MAE: 0.0700, RMSE: 0.0848, R²: 0.8530
2025-11-18 13:30:08 | INFO     | polymer_chi_ml | 
Epoch 38/200
2025-11-18 13:30:08 | INFO     | polymer_chi_ml | --------------------------------------------------------------------------------
2025-11-18 13:30:11 | INFO     | polymer_chi_ml | Train - Loss: 0.0040, MAE: 0.0465, RMSE: 0.0630, R²: 0.9190
2025-11-18 13:30:12 | INFO     | polymer_chi_ml | Val   - Loss: 0.0042, MAE: 0.0470, RMSE: 0.0647, R²: 0.9145
2025-11-18 13:30:12 | INFO     | polymer_chi_ml | 
Epoch 39/200
2025-11-18 13:30:12 | INFO     | polymer_chi_ml | --------------------------------------------------------------------------------
2025-11-18 13:30:16 | INFO     | polymer_chi_ml | Train - Loss: 0.0039, MAE: 0.0457, RMSE: 0.0622, R²: 0.9209
2025-11-18 13:30:17 | INFO     | polymer_chi_ml | Val   - Loss: 0.0048, MAE: 0.0528, RMSE: 0.0691, R²: 0.9024
2025-11-18 13:30:17 | INFO     | polymer_chi_ml | 
Epoch 40/200
2025-11-18 13:30:17 | INFO     | polymer_chi_ml | --------------------------------------------------------------------------------
2025-11-18 13:30:20 | INFO     | polymer_chi_ml | Train - Loss: 0.0038, MAE: 0.0453, RMSE: 0.0616, R²: 0.9224
2025-11-18 13:30:21 | INFO     | polymer_chi_ml | Val   - Loss: 0.0072, MAE: 0.0690, RMSE: 0.0850, R²: 0.8524
2025-11-18 13:30:21 | INFO     | polymer_chi_ml | 
Epoch 41/200
2025-11-18 13:30:21 | INFO     | polymer_chi_ml | --------------------------------------------------------------------------------
2025-11-18 13:30:25 | INFO     | polymer_chi_ml | Train - Loss: 0.0038, MAE: 0.0452, RMSE: 0.0613, R²: 0.9233
2025-11-18 13:30:26 | INFO     | polymer_chi_ml | Val   - Loss: 0.0080, MAE: 0.0737, RMSE: 0.0891, R²: 0.8378
2025-11-18 13:30:26 | INFO     | polymer_chi_ml | 
Epoch 42/200
2025-11-18 13:30:26 | INFO     | polymer_chi_ml | --------------------------------------------------------------------------------
2025-11-18 13:30:30 | INFO     | polymer_chi_ml | Train - Loss: 0.0037, MAE: 0.0447, RMSE: 0.0608, R²: 0.9245
2025-11-18 13:30:31 | INFO     | polymer_chi_ml | Val   - Loss: 0.0039, MAE: 0.0435, RMSE: 0.0621, R²: 0.9213
2025-11-18 13:30:31 | INFO     | polymer_chi_ml | 
Epoch 43/200
2025-11-18 13:30:31 | INFO     | polymer_chi_ml | --------------------------------------------------------------------------------
2025-11-18 13:30:35 | INFO     | polymer_chi_ml | Train - Loss: 0.0036, MAE: 0.0442, RMSE: 0.0599, R²: 0.9266
2025-11-18 13:30:36 | INFO     | polymer_chi_ml | Val   - Loss: 0.0065, MAE: 0.0652, RMSE: 0.0804, R²: 0.8681
2025-11-18 13:30:36 | INFO     | polymer_chi_ml | 
Epoch 44/200
2025-11-18 13:30:36 | INFO     | polymer_chi_ml | --------------------------------------------------------------------------------
2025-11-18 13:30:39 | INFO     | polymer_chi_ml | Train - Loss: 0.0037, MAE: 0.0445, RMSE: 0.0607, R²: 0.9248
2025-11-18 13:30:40 | INFO     | polymer_chi_ml | Val   - Loss: 0.0063, MAE: 0.0635, RMSE: 0.0793, R²: 0.8716
2025-11-18 13:30:40 | INFO     | polymer_chi_ml | 
Epoch 45/200
2025-11-18 13:30:40 | INFO     | polymer_chi_ml | --------------------------------------------------------------------------------
2025-11-18 13:30:44 | INFO     | polymer_chi_ml | Train - Loss: 0.0035, MAE: 0.0431, RMSE: 0.0590, R²: 0.9289
2025-11-18 13:30:45 | INFO     | polymer_chi_ml | Val   - Loss: 0.0081, MAE: 0.0733, RMSE: 0.0897, R²: 0.8355
2025-11-18 13:30:45 | INFO     | polymer_chi_ml | 
Epoch 46/200
2025-11-18 13:30:45 | INFO     | polymer_chi_ml | --------------------------------------------------------------------------------
2025-11-18 13:30:49 | INFO     | polymer_chi_ml | Train - Loss: 0.0034, MAE: 0.0426, RMSE: 0.0584, R²: 0.9303
2025-11-18 13:30:50 | INFO     | polymer_chi_ml | Val   - Loss: 0.0042, MAE: 0.0466, RMSE: 0.0647, R²: 0.9146
2025-11-18 13:30:50 | INFO     | polymer_chi_ml | 
Epoch 47/200
2025-11-18 13:30:50 | INFO     | polymer_chi_ml | --------------------------------------------------------------------------------
2025-11-18 13:30:54 | INFO     | polymer_chi_ml | Train - Loss: 0.0032, MAE: 0.0414, RMSE: 0.0570, R²: 0.9337
2025-11-18 13:30:55 | INFO     | polymer_chi_ml | Val   - Loss: 0.0064, MAE: 0.0642, RMSE: 0.0801, R²: 0.8691
2025-11-18 13:30:55 | INFO     | polymer_chi_ml | 
Epoch 48/200
2025-11-18 13:30:55 | INFO     | polymer_chi_ml | --------------------------------------------------------------------------------
2025-11-18 13:30:59 | INFO     | polymer_chi_ml | Train - Loss: 0.0030, MAE: 0.0401, RMSE: 0.0547, R²: 0.9390
2025-11-18 13:31:00 | INFO     | polymer_chi_ml | Val   - Loss: 0.0038, MAE: 0.0438, RMSE: 0.0618, R²: 0.9221
2025-11-18 13:31:00 | INFO     | polymer_chi_ml | 
Epoch 49/200
2025-11-18 13:31:00 | INFO     | polymer_chi_ml | --------------------------------------------------------------------------------
2025-11-18 13:31:04 | INFO     | polymer_chi_ml | Train - Loss: 0.0029, MAE: 0.0393, RMSE: 0.0541, R²: 0.9402
2025-11-18 13:31:05 | INFO     | polymer_chi_ml | Val   - Loss: 0.0037, MAE: 0.0429, RMSE: 0.0610, R²: 0.9240
2025-11-18 13:31:05 | INFO     | polymer_chi_ml | Saved best model to results/dft_pretrain_20251118_132702/checkpoints/best_model.pt
2025-11-18 13:31:05 | INFO     | polymer_chi_ml | 
Epoch 50/200
2025-11-18 13:31:05 | INFO     | polymer_chi_ml | --------------------------------------------------------------------------------
2025-11-18 13:31:09 | INFO     | polymer_chi_ml | Train - Loss: 0.0027, MAE: 0.0377, RMSE: 0.0517, R²: 0.9454
2025-11-18 13:31:10 | INFO     | polymer_chi_ml | Val   - Loss: 0.0036, MAE: 0.0423, RMSE: 0.0601, R²: 0.9263
2025-11-18 13:31:10 | INFO     | polymer_chi_ml | Saved best model to results/dft_pretrain_20251118_132702/checkpoints/best_model.pt
2025-11-18 13:31:11 | INFO     | polymer_chi_ml | 
Epoch 51/200
2025-11-18 13:31:11 | INFO     | polymer_chi_ml | --------------------------------------------------------------------------------
2025-11-18 13:31:15 | INFO     | polymer_chi_ml | Train - Loss: 0.0027, MAE: 0.0376, RMSE: 0.0519, R²: 0.9450
2025-11-18 13:31:16 | INFO     | polymer_chi_ml | Val   - Loss: 0.0038, MAE: 0.0439, RMSE: 0.0618, R²: 0.9220
2025-11-18 13:31:16 | INFO     | polymer_chi_ml | 
Epoch 52/200
2025-11-18 13:31:16 | INFO     | polymer_chi_ml | --------------------------------------------------------------------------------
2025-11-18 13:31:20 | INFO     | polymer_chi_ml | Train - Loss: 0.0028, MAE: 0.0383, RMSE: 0.0530, R²: 0.9427
2025-11-18 13:31:21 | INFO     | polymer_chi_ml | Val   - Loss: 0.0037, MAE: 0.0427, RMSE: 0.0609, R²: 0.9242
2025-11-18 13:31:21 | INFO     | polymer_chi_ml | 
Epoch 53/200
2025-11-18 13:31:21 | INFO     | polymer_chi_ml | --------------------------------------------------------------------------------
2025-11-18 13:31:25 | INFO     | polymer_chi_ml | Train - Loss: 0.0026, MAE: 0.0368, RMSE: 0.0508, R²: 0.9473
2025-11-18 13:31:26 | INFO     | polymer_chi_ml | Val   - Loss: 0.0034, MAE: 0.0400, RMSE: 0.0585, R²: 0.9302
2025-11-18 13:31:26 | INFO     | polymer_chi_ml | Saved best model to results/dft_pretrain_20251118_132702/checkpoints/best_model.pt
2025-11-18 13:31:27 | INFO     | polymer_chi_ml | 
Epoch 54/200
2025-11-18 13:31:27 | INFO     | polymer_chi_ml | --------------------------------------------------------------------------------
2025-11-18 13:31:30 | INFO     | polymer_chi_ml | Train - Loss: 0.0026, MAE: 0.0367, RMSE: 0.0506, R²: 0.9477
2025-11-18 13:31:31 | INFO     | polymer_chi_ml | Val   - Loss: 0.0039, MAE: 0.0452, RMSE: 0.0627, R²: 0.9198
2025-11-18 13:31:31 | INFO     | polymer_chi_ml | 
Epoch 55/200
2025-11-18 13:31:31 | INFO     | polymer_chi_ml | --------------------------------------------------------------------------------
2025-11-18 13:31:35 | INFO     | polymer_chi_ml | Train - Loss: 0.0025, MAE: 0.0360, RMSE: 0.0496, R²: 0.9497
2025-11-18 13:31:36 | INFO     | polymer_chi_ml | Val   - Loss: 0.0041, MAE: 0.0457, RMSE: 0.0635, R²: 0.9176
2025-11-18 13:31:36 | INFO     | polymer_chi_ml | 
Epoch 56/200
2025-11-18 13:31:36 | INFO     | polymer_chi_ml | --------------------------------------------------------------------------------
2025-11-18 13:31:40 | INFO     | polymer_chi_ml | Train - Loss: 0.0025, MAE: 0.0362, RMSE: 0.0499, R²: 0.9492
2025-11-18 13:31:41 | INFO     | polymer_chi_ml | Val   - Loss: 0.0052, MAE: 0.0563, RMSE: 0.0722, R²: 0.8936
2025-11-18 13:31:41 | INFO     | polymer_chi_ml | 
Epoch 57/200
2025-11-18 13:31:41 | INFO     | polymer_chi_ml | --------------------------------------------------------------------------------
2025-11-18 13:31:45 | INFO     | polymer_chi_ml | Train - Loss: 0.0025, MAE: 0.0367, RMSE: 0.0504, R²: 0.9480
2025-11-18 13:31:46 | INFO     | polymer_chi_ml | Val   - Loss: 0.0053, MAE: 0.0550, RMSE: 0.0728, R²: 0.8918
2025-11-18 13:31:46 | INFO     | polymer_chi_ml | 
Epoch 58/200
2025-11-18 13:31:46 | INFO     | polymer_chi_ml | --------------------------------------------------------------------------------
2025-11-18 13:31:50 | INFO     | polymer_chi_ml | Train - Loss: 0.0023, MAE: 0.0349, RMSE: 0.0483, R²: 0.9523
2025-11-18 13:31:50 | INFO     | polymer_chi_ml | Val   - Loss: 0.0044, MAE: 0.0488, RMSE: 0.0658, R²: 0.9115
2025-11-18 13:31:50 | INFO     | polymer_chi_ml | 
Epoch 59/200
2025-11-18 13:31:50 | INFO     | polymer_chi_ml | --------------------------------------------------------------------------------
2025-11-18 13:31:54 | INFO     | polymer_chi_ml | Train - Loss: 0.0023, MAE: 0.0351, RMSE: 0.0484, R²: 0.9521
2025-11-18 13:31:55 | INFO     | polymer_chi_ml | Val   - Loss: 0.0041, MAE: 0.0464, RMSE: 0.0636, R²: 0.9174
2025-11-18 13:31:55 | INFO     | polymer_chi_ml | 
Epoch 60/200
2025-11-18 13:31:55 | INFO     | polymer_chi_ml | --------------------------------------------------------------------------------
2025-11-18 13:31:59 | INFO     | polymer_chi_ml | Train - Loss: 0.0024, MAE: 0.0349, RMSE: 0.0485, R²: 0.9519
2025-11-18 13:32:00 | INFO     | polymer_chi_ml | Val   - Loss: 0.0036, MAE: 0.0417, RMSE: 0.0599, R²: 0.9266
2025-11-18 13:32:00 | INFO     | polymer_chi_ml | 
Epoch 61/200
2025-11-18 13:32:00 | INFO     | polymer_chi_ml | --------------------------------------------------------------------------------
2025-11-18 13:32:04 | INFO     | polymer_chi_ml | Train - Loss: 0.0024, MAE: 0.0351, RMSE: 0.0487, R²: 0.9516
2025-11-18 13:32:05 | INFO     | polymer_chi_ml | Val   - Loss: 0.0048, MAE: 0.0529, RMSE: 0.0695, R²: 0.9014
2025-11-18 13:32:05 | INFO     | polymer_chi_ml | 
Epoch 62/200
2025-11-18 13:32:05 | INFO     | polymer_chi_ml | --------------------------------------------------------------------------------
2025-11-18 13:32:09 | INFO     | polymer_chi_ml | Train - Loss: 0.0023, MAE: 0.0346, RMSE: 0.0482, R²: 0.9526
2025-11-18 13:32:09 | INFO     | polymer_chi_ml | Val   - Loss: 0.0036, MAE: 0.0415, RMSE: 0.0598, R²: 0.9270
2025-11-18 13:32:09 | INFO     | polymer_chi_ml | 
Epoch 63/200
2025-11-18 13:32:09 | INFO     | polymer_chi_ml | --------------------------------------------------------------------------------
2025-11-18 13:32:14 | INFO     | polymer_chi_ml | Train - Loss: 0.0022, MAE: 0.0340, RMSE: 0.0470, R²: 0.9550
2025-11-18 13:32:14 | INFO     | polymer_chi_ml | Val   - Loss: 0.0035, MAE: 0.0408, RMSE: 0.0590, R²: 0.9289
2025-11-18 13:32:14 | INFO     | polymer_chi_ml | 
Epoch 64/200
2025-11-18 13:32:14 | INFO     | polymer_chi_ml | --------------------------------------------------------------------------------
2025-11-18 13:32:18 | INFO     | polymer_chi_ml | Train - Loss: 0.0023, MAE: 0.0343, RMSE: 0.0478, R²: 0.9533
2025-11-18 13:32:19 | INFO     | polymer_chi_ml | Val   - Loss: 0.0035, MAE: 0.0406, RMSE: 0.0590, R²: 0.9288
2025-11-18 13:32:19 | INFO     | polymer_chi_ml | 
Epoch 65/200
2025-11-18 13:32:19 | INFO     | polymer_chi_ml | --------------------------------------------------------------------------------
2025-11-18 13:32:23 | INFO     | polymer_chi_ml | Train - Loss: 0.0021, MAE: 0.0325, RMSE: 0.0453, R²: 0.9580
2025-11-18 13:32:24 | INFO     | polymer_chi_ml | Val   - Loss: 0.0035, MAE: 0.0409, RMSE: 0.0588, R²: 0.9294
2025-11-18 13:32:24 | INFO     | polymer_chi_ml | 
Epoch 66/200
2025-11-18 13:32:24 | INFO     | polymer_chi_ml | --------------------------------------------------------------------------------
2025-11-18 13:32:27 | INFO     | polymer_chi_ml | Train - Loss: 0.0020, MAE: 0.0325, RMSE: 0.0453, R²: 0.9581
2025-11-18 13:32:28 | INFO     | polymer_chi_ml | Val   - Loss: 0.0040, MAE: 0.0445, RMSE: 0.0630, R²: 0.9188
2025-11-18 13:32:28 | INFO     | polymer_chi_ml | 
Epoch 67/200
2025-11-18 13:32:28 | INFO     | polymer_chi_ml | --------------------------------------------------------------------------------
2025-11-18 13:32:32 | INFO     | polymer_chi_ml | Train - Loss: 0.0020, MAE: 0.0324, RMSE: 0.0450, R²: 0.9587
2025-11-18 13:32:33 | INFO     | polymer_chi_ml | Val   - Loss: 0.0036, MAE: 0.0414, RMSE: 0.0595, R²: 0.9277
2025-11-18 13:32:33 | INFO     | polymer_chi_ml | 
Epoch 68/200
2025-11-18 13:32:33 | INFO     | polymer_chi_ml | --------------------------------------------------------------------------------
2025-11-18 13:32:37 | INFO     | polymer_chi_ml | Train - Loss: 0.0020, MAE: 0.0320, RMSE: 0.0448, R²: 0.9591
2025-11-18 13:32:38 | INFO     | polymer_chi_ml | Val   - Loss: 0.0035, MAE: 0.0399, RMSE: 0.0587, R²: 0.9297
2025-11-18 13:32:38 | INFO     | polymer_chi_ml | 
Epoch 69/200
2025-11-18 13:32:38 | INFO     | polymer_chi_ml | --------------------------------------------------------------------------------
2025-11-18 13:32:42 | INFO     | polymer_chi_ml | Train - Loss: 0.0020, MAE: 0.0318, RMSE: 0.0443, R²: 0.9599
2025-11-18 13:32:43 | INFO     | polymer_chi_ml | Val   - Loss: 0.0036, MAE: 0.0410, RMSE: 0.0598, R²: 0.9269
2025-11-18 13:32:43 | INFO     | polymer_chi_ml | 
Epoch 70/200
2025-11-18 13:32:43 | INFO     | polymer_chi_ml | --------------------------------------------------------------------------------
2025-11-18 13:32:47 | INFO     | polymer_chi_ml | Train - Loss: 0.0019, MAE: 0.0316, RMSE: 0.0439, R²: 0.9607
2025-11-18 13:32:47 | INFO     | polymer_chi_ml | Val   - Loss: 0.0034, MAE: 0.0401, RMSE: 0.0582, R²: 0.9308
2025-11-18 13:32:47 | INFO     | polymer_chi_ml | Saved best model to results/dft_pretrain_20251118_132702/checkpoints/best_model.pt
2025-11-18 13:32:48 | INFO     | polymer_chi_ml | 
Epoch 71/200
2025-11-18 13:32:48 | INFO     | polymer_chi_ml | --------------------------------------------------------------------------------
2025-11-18 13:32:52 | INFO     | polymer_chi_ml | Train - Loss: 0.0019, MAE: 0.0312, RMSE: 0.0433, R²: 0.9618
2025-11-18 13:32:53 | INFO     | polymer_chi_ml | Val   - Loss: 0.0035, MAE: 0.0411, RMSE: 0.0589, R²: 0.9290
2025-11-18 13:32:53 | INFO     | polymer_chi_ml | 
Epoch 72/200
2025-11-18 13:32:53 | INFO     | polymer_chi_ml | --------------------------------------------------------------------------------
2025-11-18 13:32:57 | INFO     | polymer_chi_ml | Train - Loss: 0.0019, MAE: 0.0314, RMSE: 0.0434, R²: 0.9615
2025-11-18 13:32:58 | INFO     | polymer_chi_ml | Val   - Loss: 0.0035, MAE: 0.0410, RMSE: 0.0587, R²: 0.9296
2025-11-18 13:32:58 | INFO     | polymer_chi_ml | 
Epoch 73/200
2025-11-18 13:32:58 | INFO     | polymer_chi_ml | --------------------------------------------------------------------------------
2025-11-18 13:33:01 | INFO     | polymer_chi_ml | Train - Loss: 0.0018, MAE: 0.0309, RMSE: 0.0429, R²: 0.9623
2025-11-18 13:33:02 | INFO     | polymer_chi_ml | Val   - Loss: 0.0033, MAE: 0.0395, RMSE: 0.0576, R²: 0.9322
2025-11-18 13:33:02 | INFO     | polymer_chi_ml | Saved best model to results/dft_pretrain_20251118_132702/checkpoints/best_model.pt
2025-11-18 13:33:03 | INFO     | polymer_chi_ml | 
Epoch 74/200
2025-11-18 13:33:03 | INFO     | polymer_chi_ml | --------------------------------------------------------------------------------
2025-11-18 13:33:07 | INFO     | polymer_chi_ml | Train - Loss: 0.0019, MAE: 0.0311, RMSE: 0.0431, R²: 0.9620
2025-11-18 13:33:08 | INFO     | polymer_chi_ml | Val   - Loss: 0.0036, MAE: 0.0415, RMSE: 0.0599, R²: 0.9266
2025-11-18 13:33:08 | INFO     | polymer_chi_ml | 
Epoch 75/200
2025-11-18 13:33:08 | INFO     | polymer_chi_ml | --------------------------------------------------------------------------------
2025-11-18 13:33:12 | INFO     | polymer_chi_ml | Train - Loss: 0.0018, MAE: 0.0310, RMSE: 0.0428, R²: 0.9625
2025-11-18 13:33:13 | INFO     | polymer_chi_ml | Val   - Loss: 0.0036, MAE: 0.0423, RMSE: 0.0597, R²: 0.9272
2025-11-18 13:33:13 | INFO     | polymer_chi_ml | 
Epoch 76/200
2025-11-18 13:33:13 | INFO     | polymer_chi_ml | --------------------------------------------------------------------------------
2025-11-18 13:33:17 | INFO     | polymer_chi_ml | Train - Loss: 0.0018, MAE: 0.0305, RMSE: 0.0425, R²: 0.9631
2025-11-18 13:33:17 | INFO     | polymer_chi_ml | Val   - Loss: 0.0034, MAE: 0.0395, RMSE: 0.0581, R²: 0.9311
2025-11-18 13:33:17 | INFO     | polymer_chi_ml | 
Epoch 77/200
2025-11-18 13:33:17 | INFO     | polymer_chi_ml | --------------------------------------------------------------------------------
2025-11-18 13:33:21 | INFO     | polymer_chi_ml | Train - Loss: 0.0018, MAE: 0.0308, RMSE: 0.0427, R²: 0.9628
2025-11-18 13:33:22 | INFO     | polymer_chi_ml | Val   - Loss: 0.0037, MAE: 0.0432, RMSE: 0.0606, R²: 0.9249
2025-11-18 13:33:22 | INFO     | polymer_chi_ml | 
Epoch 78/200
2025-11-18 13:33:22 | INFO     | polymer_chi_ml | --------------------------------------------------------------------------------
2025-11-18 13:33:26 | INFO     | polymer_chi_ml | Train - Loss: 0.0018, MAE: 0.0303, RMSE: 0.0421, R²: 0.9638
2025-11-18 13:33:27 | INFO     | polymer_chi_ml | Val   - Loss: 0.0033, MAE: 0.0390, RMSE: 0.0575, R²: 0.9325
2025-11-18 13:33:27 | INFO     | polymer_chi_ml | Saved best model to results/dft_pretrain_20251118_132702/checkpoints/best_model.pt
2025-11-18 13:33:28 | INFO     | polymer_chi_ml | 
Epoch 79/200
2025-11-18 13:33:28 | INFO     | polymer_chi_ml | --------------------------------------------------------------------------------
2025-11-18 13:33:32 | INFO     | polymer_chi_ml | Train - Loss: 0.0018, MAE: 0.0307, RMSE: 0.0424, R²: 0.9633
2025-11-18 13:33:33 | INFO     | polymer_chi_ml | Val   - Loss: 0.0040, MAE: 0.0448, RMSE: 0.0627, R²: 0.9196
2025-11-18 13:33:33 | INFO     | polymer_chi_ml | 
Epoch 80/200
2025-11-18 13:33:33 | INFO     | polymer_chi_ml | --------------------------------------------------------------------------------
2025-11-18 13:33:37 | INFO     | polymer_chi_ml | Train - Loss: 0.0018, MAE: 0.0302, RMSE: 0.0419, R²: 0.9642
2025-11-18 13:33:37 | INFO     | polymer_chi_ml | Val   - Loss: 0.0034, MAE: 0.0408, RMSE: 0.0585, R²: 0.9302
2025-11-18 13:33:37 | INFO     | polymer_chi_ml | 
Epoch 81/200
2025-11-18 13:33:37 | INFO     | polymer_chi_ml | --------------------------------------------------------------------------------
2025-11-18 13:33:41 | INFO     | polymer_chi_ml | Train - Loss: 0.0016, MAE: 0.0295, RMSE: 0.0406, R²: 0.9664
2025-11-18 13:33:42 | INFO     | polymer_chi_ml | Val   - Loss: 0.0034, MAE: 0.0401, RMSE: 0.0585, R²: 0.9302
2025-11-18 13:33:42 | INFO     | polymer_chi_ml | 
Epoch 82/200
2025-11-18 13:33:42 | INFO     | polymer_chi_ml | --------------------------------------------------------------------------------
2025-11-18 13:33:46 | INFO     | polymer_chi_ml | Train - Loss: 0.0017, MAE: 0.0295, RMSE: 0.0411, R²: 0.9655
2025-11-18 13:33:47 | INFO     | polymer_chi_ml | Val   - Loss: 0.0041, MAE: 0.0465, RMSE: 0.0635, R²: 0.9175
2025-11-18 13:33:47 | INFO     | polymer_chi_ml | 
Epoch 83/200
2025-11-18 13:33:47 | INFO     | polymer_chi_ml | --------------------------------------------------------------------------------
2025-11-18 13:33:51 | INFO     | polymer_chi_ml | Train - Loss: 0.0016, MAE: 0.0289, RMSE: 0.0400, R²: 0.9674
2025-11-18 13:33:52 | INFO     | polymer_chi_ml | Val   - Loss: 0.0035, MAE: 0.0412, RMSE: 0.0591, R²: 0.9287
2025-11-18 13:33:52 | INFO     | polymer_chi_ml | 
Epoch 84/200
2025-11-18 13:33:52 | INFO     | polymer_chi_ml | --------------------------------------------------------------------------------
2025-11-18 13:33:56 | INFO     | polymer_chi_ml | Train - Loss: 0.0018, MAE: 0.0305, RMSE: 0.0420, R²: 0.9639
2025-11-18 13:33:57 | INFO     | polymer_chi_ml | Val   - Loss: 0.0038, MAE: 0.0433, RMSE: 0.0612, R²: 0.9234
2025-11-18 13:33:57 | INFO     | polymer_chi_ml | 
Epoch 85/200
2025-11-18 13:33:57 | INFO     | polymer_chi_ml | --------------------------------------------------------------------------------
2025-11-18 13:34:01 | INFO     | polymer_chi_ml | Train - Loss: 0.0016, MAE: 0.0294, RMSE: 0.0404, R²: 0.9666
2025-11-18 13:34:01 | INFO     | polymer_chi_ml | Val   - Loss: 0.0037, MAE: 0.0428, RMSE: 0.0604, R²: 0.9254
2025-11-18 13:34:01 | INFO     | polymer_chi_ml | 
Epoch 86/200
2025-11-18 13:34:01 | INFO     | polymer_chi_ml | --------------------------------------------------------------------------------
2025-11-18 13:34:05 | INFO     | polymer_chi_ml | Train - Loss: 0.0016, MAE: 0.0290, RMSE: 0.0401, R²: 0.9672
2025-11-18 13:34:06 | INFO     | polymer_chi_ml | Val   - Loss: 0.0033, MAE: 0.0399, RMSE: 0.0576, R²: 0.9322
2025-11-18 13:34:06 | INFO     | polymer_chi_ml | 
Epoch 87/200
2025-11-18 13:34:06 | INFO     | polymer_chi_ml | --------------------------------------------------------------------------------
2025-11-18 13:34:10 | INFO     | polymer_chi_ml | Train - Loss: 0.0016, MAE: 0.0287, RMSE: 0.0397, R²: 0.9679
2025-11-18 13:34:11 | INFO     | polymer_chi_ml | Val   - Loss: 0.0039, MAE: 0.0448, RMSE: 0.0621, R²: 0.9212
2025-11-18 13:34:11 | INFO     | polymer_chi_ml | 
Epoch 88/200
2025-11-18 13:34:11 | INFO     | polymer_chi_ml | --------------------------------------------------------------------------------
2025-11-18 13:34:15 | INFO     | polymer_chi_ml | Train - Loss: 0.0017, MAE: 0.0296, RMSE: 0.0407, R²: 0.9661
2025-11-18 13:34:16 | INFO     | polymer_chi_ml | Val   - Loss: 0.0036, MAE: 0.0422, RMSE: 0.0596, R²: 0.9275
2025-11-18 13:34:16 | INFO     | polymer_chi_ml | 
Epoch 89/200
2025-11-18 13:34:16 | INFO     | polymer_chi_ml | --------------------------------------------------------------------------------
2025-11-18 13:34:20 | INFO     | polymer_chi_ml | Train - Loss: 0.0017, MAE: 0.0294, RMSE: 0.0407, R²: 0.9662
2025-11-18 13:34:21 | INFO     | polymer_chi_ml | Val   - Loss: 0.0034, MAE: 0.0392, RMSE: 0.0579, R²: 0.9316
2025-11-18 13:34:21 | INFO     | polymer_chi_ml | 
Epoch 90/200
2025-11-18 13:34:21 | INFO     | polymer_chi_ml | --------------------------------------------------------------------------------
2025-11-18 13:34:25 | INFO     | polymer_chi_ml | Train - Loss: 0.0015, MAE: 0.0283, RMSE: 0.0388, R²: 0.9692
2025-11-18 13:34:25 | INFO     | polymer_chi_ml | Val   - Loss: 0.0033, MAE: 0.0389, RMSE: 0.0572, R²: 0.9331
2025-11-18 13:34:25 | INFO     | polymer_chi_ml | Saved best model to results/dft_pretrain_20251118_132702/checkpoints/best_model.pt
2025-11-18 13:34:26 | INFO     | polymer_chi_ml | 
Epoch 91/200
2025-11-18 13:34:26 | INFO     | polymer_chi_ml | --------------------------------------------------------------------------------
2025-11-18 13:34:30 | INFO     | polymer_chi_ml | Train - Loss: 0.0015, MAE: 0.0282, RMSE: 0.0391, R²: 0.9689
2025-11-18 13:34:31 | INFO     | polymer_chi_ml | Val   - Loss: 0.0034, MAE: 0.0396, RMSE: 0.0578, R²: 0.9318
2025-11-18 13:34:31 | INFO     | polymer_chi_ml | 
Epoch 92/200
2025-11-18 13:34:31 | INFO     | polymer_chi_ml | --------------------------------------------------------------------------------
2025-11-18 13:34:35 | INFO     | polymer_chi_ml | Train - Loss: 0.0015, MAE: 0.0278, RMSE: 0.0382, R²: 0.9702
2025-11-18 13:34:36 | INFO     | polymer_chi_ml | Val   - Loss: 0.0034, MAE: 0.0398, RMSE: 0.0584, R²: 0.9304
2025-11-18 13:34:36 | INFO     | polymer_chi_ml | 
Epoch 93/200
2025-11-18 13:34:36 | INFO     | polymer_chi_ml | --------------------------------------------------------------------------------
2025-11-18 13:34:40 | INFO     | polymer_chi_ml | Train - Loss: 0.0014, MAE: 0.0274, RMSE: 0.0380, R²: 0.9705
2025-11-18 13:34:41 | INFO     | polymer_chi_ml | Val   - Loss: 0.0034, MAE: 0.0396, RMSE: 0.0577, R²: 0.9320
2025-11-18 13:34:41 | INFO     | polymer_chi_ml | 
Epoch 94/200
2025-11-18 13:34:41 | INFO     | polymer_chi_ml | --------------------------------------------------------------------------------
2025-11-18 13:34:45 | INFO     | polymer_chi_ml | Train - Loss: 0.0014, MAE: 0.0271, RMSE: 0.0373, R²: 0.9716
2025-11-18 13:34:45 | INFO     | polymer_chi_ml | Val   - Loss: 0.0034, MAE: 0.0396, RMSE: 0.0580, R²: 0.9313
2025-11-18 13:34:45 | INFO     | polymer_chi_ml | 
Epoch 95/200
2025-11-18 13:34:45 | INFO     | polymer_chi_ml | --------------------------------------------------------------------------------
2025-11-18 13:34:50 | INFO     | polymer_chi_ml | Train - Loss: 0.0014, MAE: 0.0271, RMSE: 0.0376, R²: 0.9711
2025-11-18 13:34:50 | INFO     | polymer_chi_ml | Val   - Loss: 0.0037, MAE: 0.0411, RMSE: 0.0604, R²: 0.9256
2025-11-18 13:34:50 | INFO     | polymer_chi_ml | 
Epoch 96/200
2025-11-18 13:34:50 | INFO     | polymer_chi_ml | --------------------------------------------------------------------------------
2025-11-18 13:34:54 | INFO     | polymer_chi_ml | Train - Loss: 0.0015, MAE: 0.0277, RMSE: 0.0383, R²: 0.9701
2025-11-18 13:34:55 | INFO     | polymer_chi_ml | Val   - Loss: 0.0034, MAE: 0.0399, RMSE: 0.0583, R²: 0.9306
2025-11-18 13:34:55 | INFO     | polymer_chi_ml | 
Epoch 97/200
2025-11-18 13:34:55 | INFO     | polymer_chi_ml | --------------------------------------------------------------------------------
2025-11-18 13:34:59 | INFO     | polymer_chi_ml | Train - Loss: 0.0014, MAE: 0.0273, RMSE: 0.0378, R²: 0.9708
2025-11-18 13:35:00 | INFO     | polymer_chi_ml | Val   - Loss: 0.0034, MAE: 0.0396, RMSE: 0.0583, R²: 0.9305
2025-11-18 13:35:00 | INFO     | polymer_chi_ml | 
Epoch 98/200
2025-11-18 13:35:00 | INFO     | polymer_chi_ml | --------------------------------------------------------------------------------
2025-11-18 13:35:04 | INFO     | polymer_chi_ml | Train - Loss: 0.0014, MAE: 0.0271, RMSE: 0.0374, R²: 0.9715
2025-11-18 13:35:05 | INFO     | polymer_chi_ml | Val   - Loss: 0.0034, MAE: 0.0398, RMSE: 0.0581, R²: 0.9310
2025-11-18 13:35:05 | INFO     | polymer_chi_ml | 
Epoch 99/200
2025-11-18 13:35:05 | INFO     | polymer_chi_ml | --------------------------------------------------------------------------------
2025-11-18 13:35:09 | INFO     | polymer_chi_ml | Train - Loss: 0.0014, MAE: 0.0270, RMSE: 0.0372, R²: 0.9718
2025-11-18 13:35:10 | INFO     | polymer_chi_ml | Val   - Loss: 0.0034, MAE: 0.0401, RMSE: 0.0579, R²: 0.9315
2025-11-18 13:35:10 | INFO     | polymer_chi_ml | 
Epoch 100/200
2025-11-18 13:35:10 | INFO     | polymer_chi_ml | --------------------------------------------------------------------------------
2025-11-18 13:35:14 | INFO     | polymer_chi_ml | Train - Loss: 0.0014, MAE: 0.0274, RMSE: 0.0378, R²: 0.9708
2025-11-18 13:35:15 | INFO     | polymer_chi_ml | Val   - Loss: 0.0034, MAE: 0.0400, RMSE: 0.0579, R²: 0.9316
2025-11-18 13:35:15 | INFO     | polymer_chi_ml | 
Epoch 101/200
2025-11-18 13:35:15 | INFO     | polymer_chi_ml | --------------------------------------------------------------------------------
2025-11-18 13:35:18 | INFO     | polymer_chi_ml | Train - Loss: 0.0014, MAE: 0.0275, RMSE: 0.0380, R²: 0.9705
2025-11-18 13:35:19 | INFO     | polymer_chi_ml | Val   - Loss: 0.0036, MAE: 0.0415, RMSE: 0.0601, R²: 0.9263
2025-11-18 13:35:19 | INFO     | polymer_chi_ml | 
Epoch 102/200
2025-11-18 13:35:19 | INFO     | polymer_chi_ml | --------------------------------------------------------------------------------
2025-11-18 13:35:23 | INFO     | polymer_chi_ml | Train - Loss: 0.0014, MAE: 0.0272, RMSE: 0.0374, R²: 0.9714
2025-11-18 13:35:24 | INFO     | polymer_chi_ml | Val   - Loss: 0.0033, MAE: 0.0392, RMSE: 0.0576, R²: 0.9323
2025-11-18 13:35:24 | INFO     | polymer_chi_ml | 
Epoch 103/200
2025-11-18 13:35:24 | INFO     | polymer_chi_ml | --------------------------------------------------------------------------------
2025-11-18 13:35:28 | INFO     | polymer_chi_ml | Train - Loss: 0.0013, MAE: 0.0266, RMSE: 0.0365, R²: 0.9727
2025-11-18 13:35:29 | INFO     | polymer_chi_ml | Val   - Loss: 0.0033, MAE: 0.0393, RMSE: 0.0573, R²: 0.9329
2025-11-18 13:35:29 | INFO     | polymer_chi_ml | 
Epoch 104/200
2025-11-18 13:35:29 | INFO     | polymer_chi_ml | --------------------------------------------------------------------------------
2025-11-18 13:35:33 | INFO     | polymer_chi_ml | Train - Loss: 0.0013, MAE: 0.0264, RMSE: 0.0361, R²: 0.9733
2025-11-18 13:35:34 | INFO     | polymer_chi_ml | Val   - Loss: 0.0033, MAE: 0.0391, RMSE: 0.0572, R²: 0.9331
2025-11-18 13:35:34 | INFO     | polymer_chi_ml | 
Epoch 105/200
2025-11-18 13:35:34 | INFO     | polymer_chi_ml | --------------------------------------------------------------------------------
2025-11-18 13:35:38 | INFO     | polymer_chi_ml | Train - Loss: 0.0013, MAE: 0.0265, RMSE: 0.0365, R²: 0.9727
2025-11-18 13:35:39 | INFO     | polymer_chi_ml | Val   - Loss: 0.0033, MAE: 0.0393, RMSE: 0.0573, R²: 0.9328
2025-11-18 13:35:39 | INFO     | polymer_chi_ml | 
Epoch 106/200
2025-11-18 13:35:39 | INFO     | polymer_chi_ml | --------------------------------------------------------------------------------
2025-11-18 13:35:42 | INFO     | polymer_chi_ml | Train - Loss: 0.0013, MAE: 0.0266, RMSE: 0.0366, R²: 0.9727
2025-11-18 13:35:43 | INFO     | polymer_chi_ml | Val   - Loss: 0.0037, MAE: 0.0426, RMSE: 0.0609, R²: 0.9243
2025-11-18 13:35:43 | INFO     | polymer_chi_ml | 
Epoch 107/200
2025-11-18 13:35:43 | INFO     | polymer_chi_ml | --------------------------------------------------------------------------------
2025-11-18 13:35:47 | INFO     | polymer_chi_ml | Train - Loss: 0.0013, MAE: 0.0261, RMSE: 0.0359, R²: 0.9736
2025-11-18 13:35:48 | INFO     | polymer_chi_ml | Val   - Loss: 0.0033, MAE: 0.0394, RMSE: 0.0576, R²: 0.9322
2025-11-18 13:35:48 | INFO     | polymer_chi_ml | 
Epoch 108/200
2025-11-18 13:35:48 | INFO     | polymer_chi_ml | --------------------------------------------------------------------------------
2025-11-18 13:35:52 | INFO     | polymer_chi_ml | Train - Loss: 0.0013, MAE: 0.0263, RMSE: 0.0363, R²: 0.9731
2025-11-18 13:35:53 | INFO     | polymer_chi_ml | Val   - Loss: 0.0033, MAE: 0.0394, RMSE: 0.0575, R²: 0.9325
2025-11-18 13:35:53 | INFO     | polymer_chi_ml | 
Epoch 109/200
2025-11-18 13:35:53 | INFO     | polymer_chi_ml | --------------------------------------------------------------------------------
2025-11-18 13:35:56 | INFO     | polymer_chi_ml | Train - Loss: 0.0013, MAE: 0.0263, RMSE: 0.0363, R²: 0.9730
2025-11-18 13:35:57 | INFO     | polymer_chi_ml | Val   - Loss: 0.0034, MAE: 0.0392, RMSE: 0.0579, R²: 0.9315
2025-11-18 13:35:57 | INFO     | polymer_chi_ml | 
Epoch 110/200
2025-11-18 13:35:57 | INFO     | polymer_chi_ml | --------------------------------------------------------------------------------
2025-11-18 13:36:01 | INFO     | polymer_chi_ml | Train - Loss: 0.0013, MAE: 0.0264, RMSE: 0.0365, R²: 0.9728
2025-11-18 13:36:02 | INFO     | polymer_chi_ml | Val   - Loss: 0.0035, MAE: 0.0408, RMSE: 0.0588, R²: 0.9294
2025-11-18 13:36:02 | INFO     | polymer_chi_ml | 
Early stopping triggered after 110 epochs (best epoch: 90, best val loss: 0.0033)
2025-11-18 13:36:02 | INFO     | polymer_chi_ml | ================================================================================
2025-11-18 13:36:02 | INFO     | polymer_chi_ml | Training complete!
2025-11-18 13:36:02 | INFO     | polymer_chi_ml | ================================================================================
2025-11-18 13:36:02 | INFO     | polymer_chi_ml | Best epoch: 90
2025-11-18 13:36:02 | INFO     | polymer_chi_ml | Best validation loss: 0.0033
2025-11-18 13:36:02 | INFO     | polymer_chi_ml | 
Evaluating on test set...
2025-11-18 13:36:03 | INFO     | polymer_chi_ml | Test  - Loss: 0.0037, MAE: 0.0397, RMSE: 0.0612, R²: 0.9187
2025-11-18 13:36:04 | INFO     | polymer_chi_ml | 
Summary saved to results/dft_pretrain_20251118_132702/summary.json
2025-11-18 13:36:04 | INFO     | polymer_chi_ml | All results saved to results/dft_pretrain_20251118_132702
